[0.420s] Invoking command in '/home/umr/Documents/ROSProjects/BraitenbergVehicle_ROS2/braitenberg_vehicle': CONDA_PROMPT_MODIFIER=(base) DEBUGINFOD_URLS=https://debuginfod.ubuntu.com PYTHONPATH=/home/umr/Documents/ROSProjects/BraitenbergVehicle_ROS2/build/braitenberg_vehicle/prefix_override:/usr/lib/python3/dist-packages/colcon_core/task/python/colcon_distutils_commands:/home/umr/Documents/ROSProjects/BraitenbergVehicle_ROS2/install/braitenberg_vehicle/lib/python3.12/site-packages:${PYTHONPATH} /usr/bin/python3 -W ignore:setup.py install is deprecated setup.py egg_info --egg-base ../build/braitenberg_vehicle build --build-base /home/umr/Documents/ROSProjects/BraitenbergVehicle_ROS2/build/braitenberg_vehicle/build install --record /home/umr/Documents/ROSProjects/BraitenbergVehicle_ROS2/build/braitenberg_vehicle/install.log --single-version-externally-managed install_data
[0.559s] running egg_info
[0.568s] writing ../build/braitenberg_vehicle/braitenberg_vehicle.egg-info/PKG-INFO
[0.568s] writing dependency_links to ../build/braitenberg_vehicle/braitenberg_vehicle.egg-info/dependency_links.txt
[0.568s] writing requirements to ../build/braitenberg_vehicle/braitenberg_vehicle.egg-info/requires.txt
[0.569s] writing top-level names to ../build/braitenberg_vehicle/braitenberg_vehicle.egg-info/top_level.txt
[0.587s] reading manifest file '../build/braitenberg_vehicle/braitenberg_vehicle.egg-info/SOURCES.txt'
[0.588s] writing manifest file '../build/braitenberg_vehicle/braitenberg_vehicle.egg-info/SOURCES.txt'
[0.588s] running build
[0.588s] running build_py
[0.588s] running install
[0.591s] running install_lib
[0.601s] running install_data
[0.601s] copying urdf/braitenberg_vehicle.urdf -> /home/umr/Documents/ROSProjects/BraitenbergVehicle_ROS2/install/braitenberg_vehicle/share/braitenberg_vehicle/urdf
[0.601s] running install_egg_info
[0.611s] removing '/home/umr/Documents/ROSProjects/BraitenbergVehicle_ROS2/install/braitenberg_vehicle/lib/python3.12/site-packages/braitenberg_vehicle-0.0.0-py3.12.egg-info' (and everything under it)
[0.611s] Copying ../build/braitenberg_vehicle/braitenberg_vehicle.egg-info to /home/umr/Documents/ROSProjects/BraitenbergVehicle_ROS2/install/braitenberg_vehicle/lib/python3.12/site-packages/braitenberg_vehicle-0.0.0-py3.12.egg-info
[0.611s] running install_scripts
[0.676s] writing list of installed files to '/home/umr/Documents/ROSProjects/BraitenbergVehicle_ROS2/build/braitenberg_vehicle/install.log'
[0.691s] Invoked command in '/home/umr/Documents/ROSProjects/BraitenbergVehicle_ROS2/braitenberg_vehicle' returned '0': CONDA_PROMPT_MODIFIER=(base) DEBUGINFOD_URLS=https://debuginfod.ubuntu.com PYTHONPATH=/home/umr/Documents/ROSProjects/BraitenbergVehicle_ROS2/build/braitenberg_vehicle/prefix_override:/usr/lib/python3/dist-packages/colcon_core/task/python/colcon_distutils_commands:/home/umr/Documents/ROSProjects/BraitenbergVehicle_ROS2/install/braitenberg_vehicle/lib/python3.12/site-packages:${PYTHONPATH} /usr/bin/python3 -W ignore:setup.py install is deprecated setup.py egg_info --egg-base ../build/braitenberg_vehicle build --build-base /home/umr/Documents/ROSProjects/BraitenbergVehicle_ROS2/build/braitenberg_vehicle/build install --record /home/umr/Documents/ROSProjects/BraitenbergVehicle_ROS2/build/braitenberg_vehicle/install.log --single-version-externally-managed install_data
