running egg_info
creating ../build/braitenberg_vehicle/braitenberg_vehicle.egg-info
writing ../build/braitenberg_vehicle/braitenberg_vehicle.egg-info/PKG-INFO
writing dependency_links to ../build/braitenberg_vehicle/braitenberg_vehicle.egg-info/dependency_links.txt
writing requirements to ../build/braitenberg_vehicle/braitenberg_vehicle.egg-info/requires.txt
writing top-level names to ../build/braitenberg_vehicle/braitenberg_vehicle.egg-info/top_level.txt
writing manifest file '../build/braitenberg_vehicle/braitenberg_vehicle.egg-info/SOURCES.txt'
reading manifest file '../build/braitenberg_vehicle/braitenberg_vehicle.egg-info/SOURCES.txt'
writing manifest file '../build/braitenberg_vehicle/braitenberg_vehicle.egg-info/SOURCES.txt'
running build
running build_py
creating /home/umr/Documents/ROSProjects/BraitenbergVehicle_ROS2/build/braitenberg_vehicle/build
creating /home/umr/Documents/ROSProjects/BraitenbergVehicle_ROS2/build/braitenberg_vehicle/build/lib
creating /home/umr/Documents/ROSProjects/BraitenbergVehicle_ROS2/build/braitenberg_vehicle/build/lib/braitenberg_vehicle
copying braitenberg_vehicle/__init__.py -> /home/umr/Documents/ROSProjects/BraitenbergVehicle_ROS2/build/braitenberg_vehicle/build/lib/braitenberg_vehicle
running install
running install_lib
creating /home/umr/Documents/ROSProjects/BraitenbergVehicle_ROS2/install/braitenberg_vehicle/lib/python3.12/site-packages/braitenberg_vehicle
copying /home/umr/Documents/ROSProjects/BraitenbergVehicle_ROS2/build/braitenberg_vehicle/build/lib/braitenberg_vehicle/__init__.py -> /home/umr/Documents/ROSProjects/BraitenbergVehicle_ROS2/install/braitenberg_vehicle/lib/python3.12/site-packages/braitenberg_vehicle
byte-compiling /home/umr/Documents/ROSProjects/BraitenbergVehicle_ROS2/install/braitenberg_vehicle/lib/python3.12/site-packages/braitenberg_vehicle/__init__.py to __init__.cpython-312.pyc
running install_data
creating /home/umr/Documents/ROSProjects/BraitenbergVehicle_ROS2/install/braitenberg_vehicle/share/ament_index
creating /home/umr/Documents/ROSProjects/BraitenbergVehicle_ROS2/install/braitenberg_vehicle/share/ament_index/resource_index
creating /home/umr/Documents/ROSProjects/BraitenbergVehicle_ROS2/install/braitenberg_vehicle/share/ament_index/resource_index/packages
copying resource/braitenberg_vehicle -> /home/umr/Documents/ROSProjects/BraitenbergVehicle_ROS2/install/braitenberg_vehicle/share/ament_index/resource_index/packages
copying package.xml -> /home/umr/Documents/ROSProjects/BraitenbergVehicle_ROS2/install/braitenberg_vehicle/share/braitenberg_vehicle
running install_egg_info
Copying ../build/braitenberg_vehicle/braitenberg_vehicle.egg-info to /home/umr/Documents/ROSProjects/BraitenbergVehicle_ROS2/install/braitenberg_vehicle/lib/python3.12/site-packages/braitenberg_vehicle-0.0.0-py3.12.egg-info
running install_scripts
writing list of installed files to '/home/umr/Documents/ROSProjects/BraitenbergVehicle_ROS2/build/braitenberg_vehicle/install.log'
