[0.456s] Invoking command in '/home/umr/Documents/ROSProjects/BraitenbergVehicle_ROS2/braitenberg_vehicle': CONDA_PROMPT_MODIFIER=(base) DEBUGINFOD_URLS=https://debuginfod.ubuntu.com PYTHONPATH=/home/umr/Documents/ROSProjects/BraitenbergVehicle_ROS2/build/braitenberg_vehicle/prefix_override:/usr/lib/python3/dist-packages/colcon_core/task/python/colcon_distutils_commands:/home/umr/Documents/ROSProjects/BraitenbergVehicle_ROS2/install/braitenberg_vehicle/lib/python3.12/site-packages:${PYTHONPATH} /usr/bin/python3 -W ignore:setup.py install is deprecated setup.py egg_info --egg-base ../build/braitenberg_vehicle build --build-base /home/umr/Documents/ROSProjects/BraitenbergVehicle_ROS2/build/braitenberg_vehicle/build install --record /home/umr/Documents/ROSProjects/BraitenbergVehicle_ROS2/build/braitenberg_vehicle/install.log --single-version-externally-managed install_data
[0.604s] running egg_info
[0.604s] creating ../build/braitenberg_vehicle/braitenberg_vehicle.egg-info
[0.614s] writing ../build/braitenberg_vehicle/braitenberg_vehicle.egg-info/PKG-INFO
[0.614s] writing dependency_links to ../build/braitenberg_vehicle/braitenberg_vehicle.egg-info/dependency_links.txt
[0.614s] writing requirements to ../build/braitenberg_vehicle/braitenberg_vehicle.egg-info/requires.txt
[0.614s] writing top-level names to ../build/braitenberg_vehicle/braitenberg_vehicle.egg-info/top_level.txt
[0.614s] writing manifest file '../build/braitenberg_vehicle/braitenberg_vehicle.egg-info/SOURCES.txt'
[0.634s] reading manifest file '../build/braitenberg_vehicle/braitenberg_vehicle.egg-info/SOURCES.txt'
[0.635s] writing manifest file '../build/braitenberg_vehicle/braitenberg_vehicle.egg-info/SOURCES.txt'
[0.635s] running build
[0.635s] running build_py
[0.635s] creating /home/umr/Documents/ROSProjects/BraitenbergVehicle_ROS2/build/braitenberg_vehicle/build
[0.635s] creating /home/umr/Documents/ROSProjects/BraitenbergVehicle_ROS2/build/braitenberg_vehicle/build/lib
[0.635s] creating /home/umr/Documents/ROSProjects/BraitenbergVehicle_ROS2/build/braitenberg_vehicle/build/lib/braitenberg_vehicle
[0.635s] copying braitenberg_vehicle/__init__.py -> /home/umr/Documents/ROSProjects/BraitenbergVehicle_ROS2/build/braitenberg_vehicle/build/lib/braitenberg_vehicle
[0.636s] running install
[0.639s] running install_lib
[0.649s] creating /home/umr/Documents/ROSProjects/BraitenbergVehicle_ROS2/install/braitenberg_vehicle/lib/python3.12/site-packages/braitenberg_vehicle
[0.649s] copying /home/umr/Documents/ROSProjects/BraitenbergVehicle_ROS2/build/braitenberg_vehicle/build/lib/braitenberg_vehicle/__init__.py -> /home/umr/Documents/ROSProjects/BraitenbergVehicle_ROS2/install/braitenberg_vehicle/lib/python3.12/site-packages/braitenberg_vehicle
[0.649s] byte-compiling /home/umr/Documents/ROSProjects/BraitenbergVehicle_ROS2/install/braitenberg_vehicle/lib/python3.12/site-packages/braitenberg_vehicle/__init__.py to __init__.cpython-312.pyc
[0.649s] running install_data
[0.649s] creating /home/umr/Documents/ROSProjects/BraitenbergVehicle_ROS2/install/braitenberg_vehicle/share/ament_index
[0.649s] creating /home/umr/Documents/ROSProjects/BraitenbergVehicle_ROS2/install/braitenberg_vehicle/share/ament_index/resource_index
[0.649s] creating /home/umr/Documents/ROSProjects/BraitenbergVehicle_ROS2/install/braitenberg_vehicle/share/ament_index/resource_index/packages
[0.649s] copying resource/braitenberg_vehicle -> /home/umr/Documents/ROSProjects/BraitenbergVehicle_ROS2/install/braitenberg_vehicle/share/ament_index/resource_index/packages
[0.649s] copying package.xml -> /home/umr/Documents/ROSProjects/BraitenbergVehicle_ROS2/install/braitenberg_vehicle/share/braitenberg_vehicle
[0.650s] running install_egg_info
[0.660s] Copying ../build/braitenberg_vehicle/braitenberg_vehicle.egg-info to /home/umr/Documents/ROSProjects/BraitenbergVehicle_ROS2/install/braitenberg_vehicle/lib/python3.12/site-packages/braitenberg_vehicle-0.0.0-py3.12.egg-info
[0.661s] running install_scripts
[0.731s] writing list of installed files to '/home/umr/Documents/ROSProjects/BraitenbergVehicle_ROS2/build/braitenberg_vehicle/install.log'
[0.749s] Invoked command in '/home/umr/Documents/ROSProjects/BraitenbergVehicle_ROS2/braitenberg_vehicle' returned '0': CONDA_PROMPT_MODIFIER=(base) DEBUGINFOD_URLS=https://debuginfod.ubuntu.com PYTHONPATH=/home/umr/Documents/ROSProjects/BraitenbergVehicle_ROS2/build/braitenberg_vehicle/prefix_override:/usr/lib/python3/dist-packages/colcon_core/task/python/colcon_distutils_commands:/home/umr/Documents/ROSProjects/BraitenbergVehicle_ROS2/install/braitenberg_vehicle/lib/python3.12/site-packages:${PYTHONPATH} /usr/bin/python3 -W ignore:setup.py install is deprecated setup.py egg_info --egg-base ../build/braitenberg_vehicle build --build-base /home/umr/Documents/ROSProjects/BraitenbergVehicle_ROS2/build/braitenberg_vehicle/build install --record /home/umr/Documents/ROSProjects/BraitenbergVehicle_ROS2/build/braitenberg_vehicle/install.log --single-version-externally-managed install_data
