[0.429s] Invoking command in '/home/umr/Documents/ROSProjects/BraitenbergVehicle_ROS2/braitenberg_vehicle': CONDA_PROMPT_MODIFIER=(base) DEBUGINFOD_URLS=https://debuginfod.ubuntu.com PYTHONPATH=/home/umr/Documents/ROSProjects/BraitenbergVehicle_ROS2/build/braitenberg_vehicle/prefix_override:/usr/lib/python3/dist-packages/colcon_core/task/python/colcon_distutils_commands:/home/umr/Documents/ROSProjects/BraitenbergVehicle_ROS2/install/braitenberg_vehicle/lib/python3.12/site-packages:${PYTHONPATH} /usr/bin/python3 -W ignore:setup.py install is deprecated setup.py egg_info --egg-base ../build/braitenberg_vehicle build --build-base /home/umr/Documents/ROSProjects/BraitenbergVehicle_ROS2/build/braitenberg_vehicle/build install --record /home/umr/Documents/ROSProjects/BraitenbergVehicle_ROS2/build/braitenberg_vehicle/install.log --single-version-externally-managed install_data
[0.571s] running egg_info
[0.584s] writing ../build/braitenberg_vehicle/braitenberg_vehicle.egg-info/PKG-INFO
[0.584s] writing dependency_links to ../build/braitenberg_vehicle/braitenberg_vehicle.egg-info/dependency_links.txt
[0.584s] writing requirements to ../build/braitenberg_vehicle/braitenberg_vehicle.egg-info/requires.txt
[0.584s] writing top-level names to ../build/braitenberg_vehicle/braitenberg_vehicle.egg-info/top_level.txt
[0.605s] reading manifest file '../build/braitenberg_vehicle/braitenberg_vehicle.egg-info/SOURCES.txt'
[0.605s] writing manifest file '../build/braitenberg_vehicle/braitenberg_vehicle.egg-info/SOURCES.txt'
[0.605s] running build
[0.605s] running build_py
[0.605s] running install
[0.609s] running install_lib
[0.618s] running install_data
[0.618s] copying urdf/braitenberg_vehicle.urdf -> /home/umr/Documents/ROSProjects/BraitenbergVehicle_ROS2/install/braitenberg_vehicle/share/braitenberg_vehicle/urdf
[0.619s] running install_egg_info
[0.629s] removing '/home/umr/Documents/ROSProjects/BraitenbergVehicle_ROS2/install/braitenberg_vehicle/lib/python3.12/site-packages/braitenberg_vehicle-0.0.0-py3.12.egg-info' (and everything under it)
[0.629s] Copying ../build/braitenberg_vehicle/braitenberg_vehicle.egg-info to /home/umr/Documents/ROSProjects/BraitenbergVehicle_ROS2/install/braitenberg_vehicle/lib/python3.12/site-packages/braitenberg_vehicle-0.0.0-py3.12.egg-info
[0.629s] running install_scripts
[0.695s] writing list of installed files to '/home/umr/Documents/ROSProjects/BraitenbergVehicle_ROS2/build/braitenberg_vehicle/install.log'
[0.712s] Invoked command in '/home/umr/Documents/ROSProjects/BraitenbergVehicle_ROS2/braitenberg_vehicle' returned '0': CONDA_PROMPT_MODIFIER=(base) DEBUGINFOD_URLS=https://debuginfod.ubuntu.com PYTHONPATH=/home/umr/Documents/ROSProjects/BraitenbergVehicle_ROS2/build/braitenberg_vehicle/prefix_override:/usr/lib/python3/dist-packages/colcon_core/task/python/colcon_distutils_commands:/home/umr/Documents/ROSProjects/BraitenbergVehicle_ROS2/install/braitenberg_vehicle/lib/python3.12/site-packages:${PYTHONPATH} /usr/bin/python3 -W ignore:setup.py install is deprecated setup.py egg_info --egg-base ../build/braitenberg_vehicle build --build-base /home/umr/Documents/ROSProjects/BraitenbergVehicle_ROS2/build/braitenberg_vehicle/build install --record /home/umr/Documents/ROSProjects/BraitenbergVehicle_ROS2/build/braitenberg_vehicle/install.log --single-version-externally-managed install_data
