[0.052s] DEBUG:colcon:Command line arguments: ['/usr/bin/colcon', 'build']
[0.053s] DEBUG:colcon:Parsed command line arguments: Namespace(log_base=None, log_level=None, verb_name='build', build_base='build', install_base='install', merge_install=False, symlink_install=False, test_result_base=None, continue_on_error=False, executor='parallel', parallel_workers=22, event_handlers=None, ignore_user_meta=False, metas=['./colcon.meta'], base_paths=['.'], packages_ignore=None, packages_ignore_regex=None, paths=None, packages_up_to=None, packages_up_to_regex=None, packages_above=None, packages_above_and_dependencies=None, packages_above_depth=None, packages_select_by_dep=None, packages_skip_by_dep=None, packages_skip_up_to=None, packages_select_build_failed=False, packages_skip_build_finished=False, packages_select_test_failures=False, packages_skip_test_passed=False, packages_select=None, packages_skip=None, packages_select_regex=None, packages_skip_regex=None, packages_start=None, packages_end=None, allow_overriding=[], cmake_args=None, cmake_target=None, cmake_target_skip_unavailable=False, cmake_clean_cache=False, cmake_clean_first=False, cmake_force_configure=False, ament_cmake_args=None, catkin_cmake_args=None, catkin_skip_building_tests=False, verb_parser=<colcon_defaults.argument_parser.defaults.DefaultArgumentsDecorator object at 0x7d9432f0ba10>, verb_extension=<colcon_core.verb.build.BuildVerb object at 0x7d9432f0b800>, main=<bound method BuildVerb.main of <colcon_core.verb.build.BuildVerb object at 0x7d9432f0b800>>)
[0.072s] Level 1:colcon.colcon_core.package_discovery:discover_packages(colcon_meta) check parameters
[0.072s] Level 1:colcon.colcon_core.package_discovery:discover_packages(recursive) check parameters
[0.072s] Level 1:colcon.colcon_core.package_discovery:discover_packages(ignore) check parameters
[0.072s] Level 1:colcon.colcon_core.package_discovery:discover_packages(path) check parameters
[0.072s] Level 1:colcon.colcon_core.package_discovery:discover_packages(colcon_meta) discover
[0.072s] Level 1:colcon.colcon_core.package_discovery:discover_packages(recursive) discover
[0.072s] INFO:colcon.colcon_core.package_discovery:Crawling recursively for packages in '/home/umr/Documents/ROSProjects/BraitenbergVehicle_ROS2'
[0.072s] Level 1:colcon.colcon_core.package_identification:_identify(.) by extensions ['ignore', 'ignore_ament_install']
[0.073s] Level 1:colcon.colcon_core.package_identification:_identify(.) by extension 'ignore'
[0.073s] Level 1:colcon.colcon_core.package_identification:_identify(.) by extension 'ignore_ament_install'
[0.073s] Level 1:colcon.colcon_core.package_identification:_identify(.) by extensions ['colcon_pkg']
[0.073s] Level 1:colcon.colcon_core.package_identification:_identify(.) by extension 'colcon_pkg'
[0.073s] Level 1:colcon.colcon_core.package_identification:_identify(.) by extensions ['colcon_meta']
[0.073s] Level 1:colcon.colcon_core.package_identification:_identify(.) by extension 'colcon_meta'
[0.073s] Level 1:colcon.colcon_core.package_identification:_identify(.) by extensions ['ros']
[0.073s] Level 1:colcon.colcon_core.package_identification:_identify(.) by extension 'ros'
[0.087s] Level 1:colcon.colcon_core.package_identification:_identify(.) by extensions ['cmake', 'python']
[0.087s] Level 1:colcon.colcon_core.package_identification:_identify(.) by extension 'cmake'
[0.087s] Level 1:colcon.colcon_core.package_identification:_identify(.) by extension 'python'
[0.087s] Level 1:colcon.colcon_core.package_identification:_identify(.) by extensions ['python_setup_py']
[0.087s] Level 1:colcon.colcon_core.package_identification:_identify(.) by extension 'python_setup_py'
[0.087s] Level 1:colcon.colcon_core.package_identification:_identify(braitenberg_vehicle) by extensions ['ignore', 'ignore_ament_install']
[0.087s] Level 1:colcon.colcon_core.package_identification:_identify(braitenberg_vehicle) by extension 'ignore'
[0.087s] Level 1:colcon.colcon_core.package_identification:_identify(braitenberg_vehicle) by extension 'ignore_ament_install'
[0.087s] Level 1:colcon.colcon_core.package_identification:_identify(braitenberg_vehicle) by extensions ['colcon_pkg']
[0.087s] Level 1:colcon.colcon_core.package_identification:_identify(braitenberg_vehicle) by extension 'colcon_pkg'
[0.087s] Level 1:colcon.colcon_core.package_identification:_identify(braitenberg_vehicle) by extensions ['colcon_meta']
[0.087s] Level 1:colcon.colcon_core.package_identification:_identify(braitenberg_vehicle) by extension 'colcon_meta'
[0.087s] Level 1:colcon.colcon_core.package_identification:_identify(braitenberg_vehicle) by extensions ['ros']
[0.087s] Level 1:colcon.colcon_core.package_identification:_identify(braitenberg_vehicle) by extension 'ros'
[0.089s] DEBUG:colcon.colcon_core.package_identification:Package 'braitenberg_vehicle' with type 'ros.ament_python' and name 'braitenberg_vehicle'
[0.089s] Level 1:colcon.colcon_core.package_identification:_identify(build) by extensions ['ignore', 'ignore_ament_install']
[0.089s] Level 1:colcon.colcon_core.package_identification:_identify(build) by extension 'ignore'
[0.089s] Level 1:colcon.colcon_core.package_identification:_identify(build) ignored
[0.089s] Level 1:colcon.colcon_core.package_identification:_identify(install) by extensions ['ignore', 'ignore_ament_install']
[0.089s] Level 1:colcon.colcon_core.package_identification:_identify(install) by extension 'ignore'
[0.089s] Level 1:colcon.colcon_core.package_identification:_identify(install) ignored
[0.089s] Level 1:colcon.colcon_core.package_identification:_identify(log) by extensions ['ignore', 'ignore_ament_install']
[0.089s] Level 1:colcon.colcon_core.package_identification:_identify(log) by extension 'ignore'
[0.089s] Level 1:colcon.colcon_core.package_identification:_identify(log) ignored
[0.089s] Level 1:colcon.colcon_core.package_discovery:discover_packages(recursive) using defaults
[0.089s] Level 1:colcon.colcon_core.package_discovery:discover_packages(ignore) discover
[0.089s] Level 1:colcon.colcon_core.package_discovery:discover_packages(ignore) using defaults
[0.089s] Level 1:colcon.colcon_core.package_discovery:discover_packages(path) discover
[0.089s] Level 1:colcon.colcon_core.package_discovery:discover_packages(path) using defaults
[0.099s] Level 1:colcon.colcon_core.package_discovery:discover_packages(prefix_path) check parameters
[0.099s] Level 1:colcon.colcon_core.package_discovery:discover_packages(prefix_path) discover
[0.100s] DEBUG:colcon.colcon_installed_package_information.package_discovery:Found 1 installed packages in /home/umr/Documents/ROSProjects/BraitenbergVehicle_ROS2/install
[0.101s] DEBUG:colcon.colcon_installed_package_information.package_discovery:Found 318 installed packages in /opt/ros/jazzy
[0.101s] Level 1:colcon.colcon_core.package_discovery:discover_packages(prefix_path) using defaults
[0.122s] Level 5:colcon.colcon_core.verb:set package 'braitenberg_vehicle' build argument 'cmake_args' from command line to 'None'
[0.122s] Level 5:colcon.colcon_core.verb:set package 'braitenberg_vehicle' build argument 'cmake_target' from command line to 'None'
[0.122s] Level 5:colcon.colcon_core.verb:set package 'braitenberg_vehicle' build argument 'cmake_target_skip_unavailable' from command line to 'False'
[0.122s] Level 5:colcon.colcon_core.verb:set package 'braitenberg_vehicle' build argument 'cmake_clean_cache' from command line to 'False'
[0.122s] Level 5:colcon.colcon_core.verb:set package 'braitenberg_vehicle' build argument 'cmake_clean_first' from command line to 'False'
[0.122s] Level 5:colcon.colcon_core.verb:set package 'braitenberg_vehicle' build argument 'cmake_force_configure' from command line to 'False'
[0.122s] Level 5:colcon.colcon_core.verb:set package 'braitenberg_vehicle' build argument 'ament_cmake_args' from command line to 'None'
[0.122s] Level 5:colcon.colcon_core.verb:set package 'braitenberg_vehicle' build argument 'catkin_cmake_args' from command line to 'None'
[0.122s] Level 5:colcon.colcon_core.verb:set package 'braitenberg_vehicle' build argument 'catkin_skip_building_tests' from command line to 'False'
[0.122s] DEBUG:colcon.colcon_core.verb:Building package 'braitenberg_vehicle' with the following arguments: {'ament_cmake_args': None, 'build_base': '/home/umr/Documents/ROSProjects/BraitenbergVehicle_ROS2/build/braitenberg_vehicle', 'catkin_cmake_args': None, 'catkin_skip_building_tests': False, 'cmake_args': None, 'cmake_clean_cache': False, 'cmake_clean_first': False, 'cmake_force_configure': False, 'cmake_target': None, 'cmake_target_skip_unavailable': False, 'install_base': '/home/umr/Documents/ROSProjects/BraitenbergVehicle_ROS2/install/braitenberg_vehicle', 'merge_install': False, 'path': '/home/umr/Documents/ROSProjects/BraitenbergVehicle_ROS2/braitenberg_vehicle', 'symlink_install': False, 'test_result_base': None}
[0.122s] INFO:colcon.colcon_core.executor:Executing jobs using 'parallel' executor
[0.124s] DEBUG:colcon.colcon_parallel_executor.executor.parallel:run_until_complete
[0.124s] INFO:colcon.colcon_ros.task.ament_python.build:Building ROS package in '/home/umr/Documents/ROSProjects/BraitenbergVehicle_ROS2/braitenberg_vehicle' with build type 'ament_python'
[0.124s] Level 1:colcon.colcon_core.shell:create_environment_hook('braitenberg_vehicle', 'ament_prefix_path')
[0.126s] INFO:colcon.colcon_core.plugin_system:Skipping extension 'colcon_core.shell.bat': Not used on non-Windows systems
[0.126s] INFO:colcon.colcon_core.shell:Creating environment hook '/home/umr/Documents/ROSProjects/BraitenbergVehicle_ROS2/install/braitenberg_vehicle/share/braitenberg_vehicle/hook/ament_prefix_path.ps1'
[0.127s] INFO:colcon.colcon_core.shell:Creating environment descriptor '/home/umr/Documents/ROSProjects/BraitenbergVehicle_ROS2/install/braitenberg_vehicle/share/braitenberg_vehicle/hook/ament_prefix_path.dsv'
[0.127s] INFO:colcon.colcon_core.shell:Creating environment hook '/home/umr/Documents/ROSProjects/BraitenbergVehicle_ROS2/install/braitenberg_vehicle/share/braitenberg_vehicle/hook/ament_prefix_path.sh'
[0.128s] INFO:colcon.colcon_core.shell:Skip shell extension 'powershell' for command environment: Not usable outside of PowerShell
[0.128s] DEBUG:colcon.colcon_core.shell:Skip shell extension 'dsv' for command environment
[0.253s] INFO:colcon.colcon_core.task.python.build:Building Python package in '/home/umr/Documents/ROSProjects/BraitenbergVehicle_ROS2/braitenberg_vehicle'
[0.253s] INFO:colcon.colcon_core.shell:Skip shell extension 'powershell' for command environment: Not usable outside of PowerShell
[0.253s] DEBUG:colcon.colcon_core.shell:Skip shell extension 'dsv' for command environment
[0.554s] DEBUG:colcon.colcon_core.event_handler.log_command:Invoking command in '/home/umr/Documents/ROSProjects/BraitenbergVehicle_ROS2/braitenberg_vehicle': CONDA_PROMPT_MODIFIER=(base) DEBUGINFOD_URLS=https://debuginfod.ubuntu.com PYTHONPATH=/home/umr/Documents/ROSProjects/BraitenbergVehicle_ROS2/build/braitenberg_vehicle/prefix_override:/usr/lib/python3/dist-packages/colcon_core/task/python/colcon_distutils_commands:/home/umr/Documents/ROSProjects/BraitenbergVehicle_ROS2/install/braitenberg_vehicle/lib/python3.12/site-packages:${PYTHONPATH} /usr/bin/python3 -W ignore:setup.py install is deprecated setup.py egg_info --egg-base ../build/braitenberg_vehicle build --build-base /home/umr/Documents/ROSProjects/BraitenbergVehicle_ROS2/build/braitenberg_vehicle/build install --record /home/umr/Documents/ROSProjects/BraitenbergVehicle_ROS2/build/braitenberg_vehicle/install.log --single-version-externally-managed install_data
[0.836s] DEBUG:colcon.colcon_core.event_handler.log_command:Invoked command in '/home/umr/Documents/ROSProjects/BraitenbergVehicle_ROS2/braitenberg_vehicle' returned '0': CONDA_PROMPT_MODIFIER=(base) DEBUGINFOD_URLS=https://debuginfod.ubuntu.com PYTHONPATH=/home/umr/Documents/ROSProjects/BraitenbergVehicle_ROS2/build/braitenberg_vehicle/prefix_override:/usr/lib/python3/dist-packages/colcon_core/task/python/colcon_distutils_commands:/home/umr/Documents/ROSProjects/BraitenbergVehicle_ROS2/install/braitenberg_vehicle/lib/python3.12/site-packages:${PYTHONPATH} /usr/bin/python3 -W ignore:setup.py install is deprecated setup.py egg_info --egg-base ../build/braitenberg_vehicle build --build-base /home/umr/Documents/ROSProjects/BraitenbergVehicle_ROS2/build/braitenberg_vehicle/build install --record /home/umr/Documents/ROSProjects/BraitenbergVehicle_ROS2/build/braitenberg_vehicle/install.log --single-version-externally-managed install_data
[0.839s] Level 1:colcon.colcon_core.environment:checking '/home/umr/Documents/ROSProjects/BraitenbergVehicle_ROS2/install/braitenberg_vehicle' for CMake module files
[0.839s] Level 1:colcon.colcon_core.environment:checking '/home/umr/Documents/ROSProjects/BraitenbergVehicle_ROS2/install/braitenberg_vehicle' for CMake config files
[0.840s] Level 1:colcon.colcon_core.environment:checking '/home/umr/Documents/ROSProjects/BraitenbergVehicle_ROS2/install/braitenberg_vehicle/lib'
[0.840s] Level 1:colcon.colcon_core.environment:checking '/home/umr/Documents/ROSProjects/BraitenbergVehicle_ROS2/install/braitenberg_vehicle/bin'
[0.840s] Level 1:colcon.colcon_core.environment:checking '/home/umr/Documents/ROSProjects/BraitenbergVehicle_ROS2/install/braitenberg_vehicle/lib/pkgconfig/braitenberg_vehicle.pc'
[0.840s] Level 1:colcon.colcon_core.environment:checking '/home/umr/Documents/ROSProjects/BraitenbergVehicle_ROS2/install/braitenberg_vehicle/lib/python3.12/site-packages'
[0.840s] Level 1:colcon.colcon_core.shell:create_environment_hook('braitenberg_vehicle', 'pythonpath')
[0.840s] INFO:colcon.colcon_core.shell:Creating environment hook '/home/umr/Documents/ROSProjects/BraitenbergVehicle_ROS2/install/braitenberg_vehicle/share/braitenberg_vehicle/hook/pythonpath.ps1'
[0.840s] INFO:colcon.colcon_core.shell:Creating environment descriptor '/home/umr/Documents/ROSProjects/BraitenbergVehicle_ROS2/install/braitenberg_vehicle/share/braitenberg_vehicle/hook/pythonpath.dsv'
[0.841s] INFO:colcon.colcon_core.shell:Creating environment hook '/home/umr/Documents/ROSProjects/BraitenbergVehicle_ROS2/install/braitenberg_vehicle/share/braitenberg_vehicle/hook/pythonpath.sh'
[0.841s] Level 1:colcon.colcon_core.environment:checking '/home/umr/Documents/ROSProjects/BraitenbergVehicle_ROS2/install/braitenberg_vehicle/bin'
[0.841s] Level 1:colcon.colcon_core.environment:create_environment_scripts_only(braitenberg_vehicle)
[0.841s] INFO:colcon.colcon_core.shell:Creating package script '/home/umr/Documents/ROSProjects/BraitenbergVehicle_ROS2/install/braitenberg_vehicle/share/braitenberg_vehicle/package.ps1'
[0.842s] INFO:colcon.colcon_core.shell:Creating package descriptor '/home/umr/Documents/ROSProjects/BraitenbergVehicle_ROS2/install/braitenberg_vehicle/share/braitenberg_vehicle/package.dsv'
[0.842s] INFO:colcon.colcon_core.shell:Creating package script '/home/umr/Documents/ROSProjects/BraitenbergVehicle_ROS2/install/braitenberg_vehicle/share/braitenberg_vehicle/package.sh'
[0.842s] INFO:colcon.colcon_core.shell:Creating package script '/home/umr/Documents/ROSProjects/BraitenbergVehicle_ROS2/install/braitenberg_vehicle/share/braitenberg_vehicle/package.bash'
[0.843s] INFO:colcon.colcon_core.shell:Creating package script '/home/umr/Documents/ROSProjects/BraitenbergVehicle_ROS2/install/braitenberg_vehicle/share/braitenberg_vehicle/package.zsh'
[0.843s] Level 1:colcon.colcon_core.environment:create_file_with_runtime_dependencies(/home/umr/Documents/ROSProjects/BraitenbergVehicle_ROS2/install/braitenberg_vehicle/share/colcon-core/packages/braitenberg_vehicle)
[0.843s] DEBUG:colcon.colcon_parallel_executor.executor.parallel:closing loop
[0.843s] DEBUG:colcon.colcon_parallel_executor.executor.parallel:loop closed
[0.843s] DEBUG:colcon.colcon_parallel_executor.executor.parallel:run_until_complete finished with '0'
[0.843s] DEBUG:colcon.colcon_core.event_reactor:joining thread
[0.848s] INFO:colcon.colcon_core.plugin_system:Skipping extension 'colcon_notification.desktop_notification.terminal_notifier': Not used on non-Darwin systems
[0.848s] INFO:colcon.colcon_core.plugin_system:Skipping extension 'colcon_notification.desktop_notification.win32': Not used on non-Windows systems
[0.848s] INFO:colcon.colcon_notification.desktop_notification:Sending desktop notification using 'notify2'
[0.857s] DEBUG:colcon.colcon_core.event_reactor:joined thread
[0.857s] INFO:colcon.colcon_core.shell:Creating prefix script '/home/umr/Documents/ROSProjects/BraitenbergVehicle_ROS2/install/local_setup.ps1'
[0.858s] INFO:colcon.colcon_core.shell:Creating prefix util module '/home/umr/Documents/ROSProjects/BraitenbergVehicle_ROS2/install/_local_setup_util_ps1.py'
[0.858s] INFO:colcon.colcon_core.shell:Creating prefix chain script '/home/umr/Documents/ROSProjects/BraitenbergVehicle_ROS2/install/setup.ps1'
[0.859s] INFO:colcon.colcon_core.shell:Creating prefix script '/home/umr/Documents/ROSProjects/BraitenbergVehicle_ROS2/install/local_setup.sh'
[0.859s] INFO:colcon.colcon_core.shell:Creating prefix util module '/home/umr/Documents/ROSProjects/BraitenbergVehicle_ROS2/install/_local_setup_util_sh.py'
[0.859s] INFO:colcon.colcon_core.shell:Creating prefix chain script '/home/umr/Documents/ROSProjects/BraitenbergVehicle_ROS2/install/setup.sh'
[0.860s] INFO:colcon.colcon_core.shell:Creating prefix script '/home/umr/Documents/ROSProjects/BraitenbergVehicle_ROS2/install/local_setup.bash'
[0.860s] INFO:colcon.colcon_core.shell:Creating prefix chain script '/home/umr/Documents/ROSProjects/BraitenbergVehicle_ROS2/install/setup.bash'
[0.860s] INFO:colcon.colcon_core.shell:Creating prefix script '/home/umr/Documents/ROSProjects/BraitenbergVehicle_ROS2/install/local_setup.zsh'
[0.861s] INFO:colcon.colcon_core.shell:Creating prefix chain script '/home/umr/Documents/ROSProjects/BraitenbergVehicle_ROS2/install/setup.zsh'
